<?xml version="1.0" encoding="UTF-8"?>
<testsuite name="com.jojoldu.book.springboot.web.HelloControllerTest" tests="2" skipped="0" failures="0" errors="0" timestamp="2020-09-06T07:10:48" hostname="DESKTOP-ME8Q4V7" time="0.311">
  <properties/>
  <testcase name="hello" classname="com.jojoldu.book.springboot.web.HelloControllerTest" time="0.134"/>
  <testcase name="helloDtoTest" classname="com.jojoldu.book.springboot.web.HelloControllerTest" time="0.177"/>
  <system-out><![CDATA[2020-09-06 16:10:46.565  INFO 16304 --- [    Test worker] .b.t.a.w.s.WebMvcTestContextBootstrapper : Neither @ContextConfiguration nor @ContextHierarchy found for test class [com.jojoldu.book.springboot.web.HelloControllerTest], using SpringBootContextLoader
2020-09-06 16:10:46.568  INFO 16304 --- [    Test worker] o.s.t.c.support.AbstractContextLoader    : Could not detect default resource locations for test class [com.jojoldu.book.springboot.web.HelloControllerTest]: no resource found for suffixes {-context.xml, Context.groovy}.
2020-09-06 16:10:46.569  INFO 16304 --- [    Test worker] t.c.s.AnnotationConfigContextLoaderUtils : Could not detect default configuration classes for test class [com.jojoldu.book.springboot.web.HelloControllerTest]: HelloControllerTest does not declare any static, non-private, non-final, nested classes annotated with @Configuration.
2020-09-06 16:10:46.628  INFO 16304 --- [    Test worker] .b.t.c.SpringBootTestContextBootstrapper : Found @SpringBootConfiguration com.jojoldu.book.springboot.Application for test class com.jojoldu.book.springboot.web.HelloControllerTest
2020-09-06 16:10:46.630  INFO 16304 --- [    Test worker] .b.t.a.w.s.WebMvcTestContextBootstrapper : Loaded default TestExecutionListener class names from location [META-INF/spring.factories]: [org.springframework.security.test.context.support.WithSecurityContextTestExecutionListener, org.springframework.security.test.context.support.ReactorContextTestExecutionListener, org.springframework.boot.test.autoconfigure.restdocs.RestDocsTestExecutionListener, org.springframework.boot.test.autoconfigure.web.client.MockRestServiceServerResetTestExecutionListener, org.springframework.boot.test.autoconfigure.web.servlet.MockMvcPrintOnlyOnFailureTestExecutionListener, org.springframework.boot.test.autoconfigure.web.servlet.WebDriverTestExecutionListener, org.springframework.boot.test.mock.mockito.MockitoTestExecutionListener, org.springframework.boot.test.mock.mockito.ResetMocksTestExecutionListener, org.springframework.test.context.web.ServletTestExecutionListener, org.springframework.test.context.support.DirtiesContextBeforeModesTestExecutionListener, org.springframework.test.context.support.DependencyInjectionTestExecutionListener, org.springframework.test.context.support.DirtiesContextTestExecutionListener, org.springframework.test.context.transaction.TransactionalTestExecutionListener, org.springframework.test.context.jdbc.SqlScriptsTestExecutionListener]
2020-09-06 16:10:46.633  INFO 16304 --- [    Test worker] .b.t.a.w.s.WebMvcTestContextBootstrapper : Using TestExecutionListeners: [org.springframework.test.context.web.ServletTestExecutionListener@221e51b9, org.springframework.test.context.support.DirtiesContextBeforeModesTestExecutionListener@4e83e99f, org.springframework.boot.test.mock.mockito.MockitoTestExecutionListener@3ec5b917, org.springframework.boot.test.autoconfigure.SpringBootDependencyInjectionTestExecutionListener@462e9b6a, org.springframework.test.context.support.DirtiesContextTestExecutionListener@166d998f, org.springframework.test.context.transaction.TransactionalTestExecutionListener@47f355cc, org.springframework.test.context.jdbc.SqlScriptsTestExecutionListener@54ed4124, org.springframework.security.test.context.support.WithSecurityContextTestExecutionListener@662a6518, org.springframework.security.test.context.support.ReactorContextTestExecutionListener@1c7139b3, org.springframework.boot.test.autoconfigure.restdocs.RestDocsTestExecutionListener@417152c4, org.springframework.boot.test.autoconfigure.web.client.MockRestServiceServerResetTestExecutionListener@7f2bdfaf, org.springframework.boot.test.autoconfigure.web.servlet.MockMvcPrintOnlyOnFailureTestExecutionListener@4a9c67f7, org.springframework.boot.test.autoconfigure.web.servlet.WebDriverTestExecutionListener@5fb573b6, org.springframework.boot.test.mock.mockito.ResetMocksTestExecutionListener@1499fdf6]

  .   ____          _            __ _ _
 /\\ / ___'_ __ _ _(_)_ __  __ _ \ \ \ \
( ( )\___ | '_ | '_| | '_ \/ _` | \ \ \ \
 \\/  ___)| |_)| | | | | || (_| |  ) ) ) )
  '  |____| .__|_| |_|_| |_\__, | / / / /
 =========|_|==============|___/=/_/_/_/
 :: Spring Boot ::        (v2.1.7.RELEASE)

2020-09-06 16:10:46.766  INFO 16304 --- [    Test worker] c.j.b.s.web.HelloControllerTest          : Starting HelloControllerTest on DESKTOP-ME8Q4V7 with PID 16304 (started by PCY in C:\Users\PCY\IdeaProjects\freelec-springboot2-webservice)
2020-09-06 16:10:46.766  INFO 16304 --- [    Test worker] c.j.b.s.web.HelloControllerTest          : The following profiles are active: oauth
2020-09-06 16:10:47.805  INFO 16304 --- [    Test worker] o.s.s.concurrent.ThreadPoolTaskExecutor  : Initializing ExecutorService 'applicationTaskExecutor'
2020-09-06 16:10:47.883  INFO 16304 --- [    Test worker] o.s.b.a.w.s.WelcomePageHandlerMapping    : Adding welcome page template: index
2020-09-06 16:10:48.349  INFO 16304 --- [    Test worker] .s.s.UserDetailsServiceAutoConfiguration : 

Using generated security password: 22c2771b-a425-43a1-9553-d2610709c041

2020-09-06 16:10:48.658  INFO 16304 --- [    Test worker] o.s.s.web.DefaultSecurityFilterChain     : Creating filter chain: any request, [org.springframework.security.web.context.request.async.WebAsyncManagerIntegrationFilter@2625828b, org.springframework.security.web.context.SecurityContextPersistenceFilter@1cb60b07, org.springframework.security.web.header.HeaderWriterFilter@6bef8f45, org.springframework.security.web.csrf.CsrfFilter@78a94639, org.springframework.security.web.authentication.logout.LogoutFilter@5bbfef58, org.springframework.security.web.authentication.UsernamePasswordAuthenticationFilter@74b23220, org.springframework.security.web.authentication.ui.DefaultLoginPageGeneratingFilter@79ae2fad, org.springframework.security.web.authentication.ui.DefaultLogoutPageGeneratingFilter@5ce6837e, org.springframework.security.web.authentication.www.BasicAuthenticationFilter@7465a6c5, org.springframework.security.web.savedrequest.RequestCacheAwareFilter@1bb812dc, org.springframework.security.web.servletapi.SecurityContextHolderAwareRequestFilter@c3a2349, org.springframework.security.web.authentication.AnonymousAuthenticationFilter@5ec45a9, org.springframework.security.web.session.SessionManagementFilter@5945948f, org.springframework.security.web.access.ExceptionTranslationFilter@3817f3ce, org.springframework.security.web.access.intercept.FilterSecurityInterceptor@7a70e978]
2020-09-06 16:10:48.719  INFO 16304 --- [    Test worker] o.s.b.t.m.w.SpringBootMockServletContext : Initializing Spring TestDispatcherServlet ''
2020-09-06 16:10:48.720  INFO 16304 --- [    Test worker] o.s.t.web.servlet.TestDispatcherServlet  : Initializing Servlet ''
2020-09-06 16:10:48.747  INFO 16304 --- [    Test worker] o.s.t.web.servlet.TestDispatcherServlet  : Completed initialization in 27 ms
2020-09-06 16:10:48.799  INFO 16304 --- [    Test worker] c.j.b.s.web.HelloControllerTest          : Started HelloControllerTest in 2.159 seconds (JVM running for 19.699)
]]></system-out>
  <system-err><![CDATA[]]></system-err>
</testsuite>
