<?xml version="1.0" encoding="UTF-8"?>
<testsuite name="com.jojoldu.book.springboot.web.IndexControllerTest" tests="1" skipped="0" failures="0" errors="0" timestamp="2020-09-06T07:10:53" hostname="DESKTOP-ME8Q4V7" time="0.337">
  <properties/>
  <testcase name="메인페이지_로딩" classname="com.jojoldu.book.springboot.web.IndexControllerTest" time="0.337"/>
  <system-out><![CDATA[2020-09-06 16:10:49.123  INFO 16304 --- [    Test worker] .b.t.c.SpringBootTestContextBootstrapper : Neither @ContextConfiguration nor @ContextHierarchy found for test class [com.jojoldu.book.springboot.web.IndexControllerTest], using SpringBootContextLoader
2020-09-06 16:10:49.126  INFO 16304 --- [    Test worker] o.s.t.c.support.AbstractContextLoader    : Could not detect default resource locations for test class [com.jojoldu.book.springboot.web.IndexControllerTest]: no resource found for suffixes {-context.xml, Context.groovy}.
2020-09-06 16:10:49.126  INFO 16304 --- [    Test worker] t.c.s.AnnotationConfigContextLoaderUtils : Could not detect default configuration classes for test class [com.jojoldu.book.springboot.web.IndexControllerTest]: IndexControllerTest does not declare any static, non-private, non-final, nested classes annotated with @Configuration.
2020-09-06 16:10:49.130  INFO 16304 --- [    Test worker] .b.t.c.SpringBootTestContextBootstrapper : Found @SpringBootConfiguration com.jojoldu.book.springboot.Application for test class com.jojoldu.book.springboot.web.IndexControllerTest
2020-09-06 16:10:49.132  INFO 16304 --- [    Test worker] .b.t.c.SpringBootTestContextBootstrapper : Loaded default TestExecutionListener class names from location [META-INF/spring.factories]: [org.springframework.security.test.context.support.WithSecurityContextTestExecutionListener, org.springframework.security.test.context.support.ReactorContextTestExecutionListener, org.springframework.boot.test.autoconfigure.restdocs.RestDocsTestExecutionListener, org.springframework.boot.test.autoconfigure.web.client.MockRestServiceServerResetTestExecutionListener, org.springframework.boot.test.autoconfigure.web.servlet.MockMvcPrintOnlyOnFailureTestExecutionListener, org.springframework.boot.test.autoconfigure.web.servlet.WebDriverTestExecutionListener, org.springframework.boot.test.mock.mockito.MockitoTestExecutionListener, org.springframework.boot.test.mock.mockito.ResetMocksTestExecutionListener, org.springframework.test.context.web.ServletTestExecutionListener, org.springframework.test.context.support.DirtiesContextBeforeModesTestExecutionListener, org.springframework.test.context.support.DependencyInjectionTestExecutionListener, org.springframework.test.context.support.DirtiesContextTestExecutionListener, org.springframework.test.context.transaction.TransactionalTestExecutionListener, org.springframework.test.context.jdbc.SqlScriptsTestExecutionListener]
2020-09-06 16:10:49.134  INFO 16304 --- [    Test worker] .b.t.c.SpringBootTestContextBootstrapper : Using TestExecutionListeners: [org.springframework.test.context.web.ServletTestExecutionListener@1e35bc26, org.springframework.test.context.support.DirtiesContextBeforeModesTestExecutionListener@ec2373f, org.springframework.boot.test.mock.mockito.MockitoTestExecutionListener@5801067c, org.springframework.boot.test.autoconfigure.SpringBootDependencyInjectionTestExecutionListener@7ee6708, org.springframework.test.context.support.DirtiesContextTestExecutionListener@34893f5f, org.springframework.test.context.transaction.TransactionalTestExecutionListener@2bed9d3e, org.springframework.test.context.jdbc.SqlScriptsTestExecutionListener@7b8f5cd9, org.springframework.security.test.context.support.WithSecurityContextTestExecutionListener@f2db287, org.springframework.security.test.context.support.ReactorContextTestExecutionListener@72a317fa, org.springframework.boot.test.autoconfigure.restdocs.RestDocsTestExecutionListener@356070fd, org.springframework.boot.test.autoconfigure.web.client.MockRestServiceServerResetTestExecutionListener@34889b1c, org.springframework.boot.test.autoconfigure.web.servlet.MockMvcPrintOnlyOnFailureTestExecutionListener@56d3ae80, org.springframework.boot.test.autoconfigure.web.servlet.WebDriverTestExecutionListener@3ca56f67, org.springframework.boot.test.mock.mockito.ResetMocksTestExecutionListener@af40796]

  .   ____          _            __ _ _
 /\\ / ___'_ __ _ _(_)_ __  __ _ \ \ \ \
( ( )\___ | '_ | '_| | '_ \/ _` | \ \ \ \
 \\/  ___)| |_)| | | | | || (_| |  ) ) ) )
  '  |____| .__|_| |_|_| |_\__, | / / / /
 =========|_|==============|___/=/_/_/_/
 :: Spring Boot ::        (v2.1.7.RELEASE)

2020-09-06 16:10:49.226  INFO 16304 --- [    Test worker] c.j.b.s.web.IndexControllerTest          : Starting IndexControllerTest on DESKTOP-ME8Q4V7 with PID 16304 (started by PCY in C:\Users\PCY\IdeaProjects\freelec-springboot2-webservice)
2020-09-06 16:10:49.226  INFO 16304 --- [    Test worker] c.j.b.s.web.IndexControllerTest          : The following profiles are active: oauth
2020-09-06 16:10:49.717  INFO 16304 --- [    Test worker] .s.d.r.c.RepositoryConfigurationDelegate : Bootstrapping Spring Data repositories in DEFAULT mode.
2020-09-06 16:10:49.782  INFO 16304 --- [    Test worker] .s.d.r.c.RepositoryConfigurationDelegate : Finished Spring Data repository scanning in 65ms. Found 2 repository interfaces.
2020-09-06 16:10:50.005  INFO 16304 --- [    Test worker] trationDelegate$BeanPostProcessorChecker : Bean 'org.springframework.transaction.annotation.ProxyTransactionManagementConfiguration' of type [org.springframework.transaction.annotation.ProxyTransactionManagementConfiguration$$EnhancerBySpringCGLIB$$64aac596] is not eligible for getting processed by all BeanPostProcessors (for example: not eligible for auto-proxying)
2020-09-06 16:10:50.605  INFO 16304 --- [    Test worker] o.s.b.w.embedded.tomcat.TomcatWebServer  : Tomcat initialized with port(s): 0 (http)
2020-09-06 16:10:50.675  INFO 16304 --- [    Test worker] o.apache.catalina.core.StandardService   : Starting service [Tomcat]
2020-09-06 16:10:50.676  INFO 16304 --- [    Test worker] org.apache.catalina.core.StandardEngine  : Starting Servlet engine: [Apache Tomcat/9.0.22]
2020-09-06 16:10:51.187  INFO 16304 --- [    Test worker] o.a.c.c.C.[Tomcat].[localhost].[/]       : Initializing Spring embedded WebApplicationContext
2020-09-06 16:10:51.187  INFO 16304 --- [    Test worker] o.s.web.context.ContextLoader            : Root WebApplicationContext: initialization completed in 1953 ms
2020-09-06 16:10:51.637  INFO 16304 --- [    Test worker] com.zaxxer.hikari.HikariDataSource       : HikariPool-2 - Starting...
2020-09-06 16:10:51.639  INFO 16304 --- [    Test worker] com.zaxxer.hikari.HikariDataSource       : HikariPool-2 - Start completed.
2020-09-06 16:10:51.727  INFO 16304 --- [    Test worker] o.hibernate.jpa.internal.util.LogHelper  : HHH000204: Processing PersistenceUnitInfo [
	name: default
	...]
2020-09-06 16:10:51.754  INFO 16304 --- [    Test worker] org.hibernate.dialect.Dialect            : HHH000400: Using dialect: org.hibernate.dialect.MySQL5InnoDBDialect
Hibernate: drop table if exists posts
Hibernate: drop table if exists user
Hibernate: create table posts (id bigint not null auto_increment, created_date datetime, modified_date datetime, author varchar(255), content TEXT not null, title varchar(500) not null, primary key (id)) engine=InnoDB
Hibernate: create table user (id bigint not null auto_increment, created_date datetime, modified_date datetime, email varchar(255) not null, name varchar(255) not null, picture varchar(255), role varchar(255), primary key (id)) engine=InnoDB
2020-09-06 16:10:51.857  INFO 16304 --- [    Test worker] o.h.t.schema.internal.SchemaCreatorImpl  : HHH000476: Executing import script 'org.hibernate.tool.schema.internal.exec.ScriptSourceInputNonExistentImpl@4790e14'
2020-09-06 16:10:51.858  INFO 16304 --- [    Test worker] j.LocalContainerEntityManagerFactoryBean : Initialized JPA EntityManagerFactory for persistence unit 'default'
2020-09-06 16:10:52.497  INFO 16304 --- [    Test worker] o.h.h.i.QueryTranslatorFactoryInitiator  : HHH000397: Using ASTQueryTranslatorFactory
2020-09-06 16:10:52.798  INFO 16304 --- [    Test worker] o.s.s.web.DefaultSecurityFilterChain     : Creating filter chain: any request, [org.springframework.security.web.context.request.async.WebAsyncManagerIntegrationFilter@6102a760, org.springframework.security.web.context.SecurityContextPersistenceFilter@6fc958d9, org.springframework.security.web.header.HeaderWriterFilter@66200b75, org.springframework.security.web.authentication.logout.LogoutFilter@501f1b07, org.springframework.security.oauth2.client.web.OAuth2AuthorizationRequestRedirectFilter@34237162, org.springframework.security.oauth2.client.web.OAuth2LoginAuthenticationFilter@5c29314f, org.springframework.security.web.authentication.ui.DefaultLoginPageGeneratingFilter@75b59af8, org.springframework.security.web.authentication.ui.DefaultLogoutPageGeneratingFilter@28975736, org.springframework.security.web.savedrequest.RequestCacheAwareFilter@6e9612c, org.springframework.security.web.servletapi.SecurityContextHolderAwareRequestFilter@6074b927, org.springframework.security.web.authentication.AnonymousAuthenticationFilter@7909b27, org.springframework.security.web.session.SessionManagementFilter@7c0d3b3a, org.springframework.security.web.access.ExceptionTranslationFilter@5ee6e5e1, org.springframework.security.web.access.intercept.FilterSecurityInterceptor@1d5a80c6]
2020-09-06 16:10:53.121  INFO 16304 --- [    Test worker] o.s.s.concurrent.ThreadPoolTaskExecutor  : Initializing ExecutorService 'applicationTaskExecutor'
2020-09-06 16:10:53.143  WARN 16304 --- [    Test worker] aWebConfiguration$JpaWebMvcConfiguration : spring.jpa.open-in-view is enabled by default. Therefore, database queries may be performed during view rendering. Explicitly configure spring.jpa.open-in-view to disable this warning
2020-09-06 16:10:53.185  INFO 16304 --- [    Test worker] o.s.b.a.w.s.WelcomePageHandlerMapping    : Adding welcome page template: index
2020-09-06 16:10:53.781  INFO 16304 --- [    Test worker] s.a.ScheduledAnnotationBeanPostProcessor : No TaskScheduler/ScheduledExecutorService bean found for scheduled processing
2020-09-06 16:10:53.814  INFO 16304 --- [    Test worker] o.s.b.w.embedded.tomcat.TomcatWebServer  : Tomcat started on port(s): 13785 (http) with context path ''
2020-09-06 16:10:53.815  INFO 16304 --- [    Test worker] c.j.b.s.web.IndexControllerTest          : Started IndexControllerTest in 4.677 seconds (JVM running for 24.714)
2020-09-06 16:10:53.995  INFO 16304 --- [o-auto-1-exec-1] o.a.c.c.C.[Tomcat].[localhost].[/]       : Initializing Spring DispatcherServlet 'dispatcherServlet'
2020-09-06 16:10:53.995  INFO 16304 --- [o-auto-1-exec-1] o.s.web.servlet.DispatcherServlet        : Initializing Servlet 'dispatcherServlet'
2020-09-06 16:10:54.031  INFO 16304 --- [o-auto-1-exec-1] o.s.web.servlet.DispatcherServlet        : Completed initialization in 36 ms
Hibernate: select posts0_.id as id1_0_, posts0_.created_date as created_2_0_, posts0_.modified_date as modified3_0_, posts0_.author as author4_0_, posts0_.content as content5_0_, posts0_.title as title6_0_ from posts posts0_ order by posts0_.id desc
]]></system-out>
  <system-err><![CDATA[]]></system-err>
</testsuite>
