<?xml version="1.0" encoding="UTF-8"?>
<testsuite name="com.jojoldu.book.springboot.web.HelloControllerTest" tests="2" skipped="0" failures="0" errors="0" timestamp="2020-09-06T00:29:56" hostname="DESKTOP-ME8Q4V7" time="0.335">
  <properties/>
  <testcase name="hello" classname="com.jojoldu.book.springboot.web.HelloControllerTest" time="0.152"/>
  <testcase name="helloDtoTest" classname="com.jojoldu.book.springboot.web.HelloControllerTest" time="0.182"/>
  <system-out><![CDATA[2020-09-06 09:29:53.696  INFO 11420 --- [    Test worker] .b.t.a.w.s.WebMvcTestContextBootstrapper : Neither @ContextConfiguration nor @ContextHierarchy found for test class [com.jojoldu.book.springboot.web.HelloControllerTest], using SpringBootContextLoader
2020-09-06 09:29:53.700  INFO 11420 --- [    Test worker] o.s.t.c.support.AbstractContextLoader    : Could not detect default resource locations for test class [com.jojoldu.book.springboot.web.HelloControllerTest]: no resource found for suffixes {-context.xml, Context.groovy}.
2020-09-06 09:29:53.700  INFO 11420 --- [    Test worker] t.c.s.AnnotationConfigContextLoaderUtils : Could not detect default configuration classes for test class [com.jojoldu.book.springboot.web.HelloControllerTest]: HelloControllerTest does not declare any static, non-private, non-final, nested classes annotated with @Configuration.
2020-09-06 09:29:53.773  INFO 11420 --- [    Test worker] .b.t.c.SpringBootTestContextBootstrapper : Found @SpringBootConfiguration com.jojoldu.book.springboot.Application for test class com.jojoldu.book.springboot.web.HelloControllerTest
2020-09-06 09:29:53.774  INFO 11420 --- [    Test worker] .b.t.a.w.s.WebMvcTestContextBootstrapper : Loaded default TestExecutionListener class names from location [META-INF/spring.factories]: [org.springframework.security.test.context.support.WithSecurityContextTestExecutionListener, org.springframework.security.test.context.support.ReactorContextTestExecutionListener, org.springframework.boot.test.autoconfigure.restdocs.RestDocsTestExecutionListener, org.springframework.boot.test.autoconfigure.web.client.MockRestServiceServerResetTestExecutionListener, org.springframework.boot.test.autoconfigure.web.servlet.MockMvcPrintOnlyOnFailureTestExecutionListener, org.springframework.boot.test.autoconfigure.web.servlet.WebDriverTestExecutionListener, org.springframework.boot.test.mock.mockito.MockitoTestExecutionListener, org.springframework.boot.test.mock.mockito.ResetMocksTestExecutionListener, org.springframework.test.context.web.ServletTestExecutionListener, org.springframework.test.context.support.DirtiesContextBeforeModesTestExecutionListener, org.springframework.test.context.support.DependencyInjectionTestExecutionListener, org.springframework.test.context.support.DirtiesContextTestExecutionListener, org.springframework.test.context.transaction.TransactionalTestExecutionListener, org.springframework.test.context.jdbc.SqlScriptsTestExecutionListener]
2020-09-06 09:29:53.781  INFO 11420 --- [    Test worker] .b.t.a.w.s.WebMvcTestContextBootstrapper : Using TestExecutionListeners: [org.springframework.test.context.web.ServletTestExecutionListener@4a9c67f7, org.springframework.test.context.support.DirtiesContextBeforeModesTestExecutionListener@5fb573b6, org.springframework.boot.test.mock.mockito.MockitoTestExecutionListener@1499fdf6, org.springframework.boot.test.autoconfigure.SpringBootDependencyInjectionTestExecutionListener@35ee8e6d, org.springframework.test.context.support.DirtiesContextTestExecutionListener@1ce4e4f8, org.springframework.test.context.transaction.TransactionalTestExecutionListener@68b80c11, org.springframework.test.context.jdbc.SqlScriptsTestExecutionListener@33153abd, org.springframework.security.test.context.support.WithSecurityContextTestExecutionListener@72495754, org.springframework.security.test.context.support.ReactorContextTestExecutionListener@49b1bec1, org.springframework.boot.test.autoconfigure.restdocs.RestDocsTestExecutionListener@61c1eb62, org.springframework.boot.test.autoconfigure.web.client.MockRestServiceServerResetTestExecutionListener@7b1be535, org.springframework.boot.test.autoconfigure.web.servlet.MockMvcPrintOnlyOnFailureTestExecutionListener@43d0fef5, org.springframework.boot.test.autoconfigure.web.servlet.WebDriverTestExecutionListener@75317f8, org.springframework.boot.test.mock.mockito.ResetMocksTestExecutionListener@6927768b]

  .   ____          _            __ _ _
 /\\ / ___'_ __ _ _(_)_ __  __ _ \ \ \ \
( ( )\___ | '_ | '_| | '_ \/ _` | \ \ \ \
 \\/  ___)| |_)| | | | | || (_| |  ) ) ) )
  '  |____| .__|_| |_|_| |_\__, | / / / /
 =========|_|==============|___/=/_/_/_/
 :: Spring Boot ::        (v2.1.7.RELEASE)

2020-09-06 09:29:53.922  INFO 11420 --- [    Test worker] c.j.b.s.web.HelloControllerTest          : Starting HelloControllerTest on DESKTOP-ME8Q4V7 with PID 11420 (started by PCY in C:\Users\PCY\IdeaProjects\freelec-springboot2-webservice)
2020-09-06 09:29:53.922  INFO 11420 --- [    Test worker] c.j.b.s.web.HelloControllerTest          : The following profiles are active: oauth
2020-09-06 09:29:55.082  INFO 11420 --- [    Test worker] o.s.s.concurrent.ThreadPoolTaskExecutor  : Initializing ExecutorService 'applicationTaskExecutor'
2020-09-06 09:29:55.154  INFO 11420 --- [    Test worker] o.s.b.a.w.s.WelcomePageHandlerMapping    : Adding welcome page template: index
2020-09-06 09:29:55.738  INFO 11420 --- [    Test worker] .s.s.UserDetailsServiceAutoConfiguration : 

Using generated security password: 21c9a684-0707-4c47-b48b-938dffc9ca50

2020-09-06 09:29:56.149  INFO 11420 --- [    Test worker] o.s.s.web.DefaultSecurityFilterChain     : Creating filter chain: any request, [org.springframework.security.web.context.request.async.WebAsyncManagerIntegrationFilter@528b4a6a, org.springframework.security.web.context.SecurityContextPersistenceFilter@7a70e978, org.springframework.security.web.header.HeaderWriterFilter@2e8b6643, org.springframework.security.web.csrf.CsrfFilter@536471de, org.springframework.security.web.authentication.logout.LogoutFilter@109d449d, org.springframework.security.web.authentication.UsernamePasswordAuthenticationFilter@5ec45a9, org.springframework.security.web.authentication.ui.DefaultLoginPageGeneratingFilter@57ffcc09, org.springframework.security.web.authentication.ui.DefaultLogoutPageGeneratingFilter@746655c6, org.springframework.security.web.authentication.www.BasicAuthenticationFilter@50238336, org.springframework.security.web.savedrequest.RequestCacheAwareFilter@74b23220, org.springframework.security.web.servletapi.SecurityContextHolderAwareRequestFilter@17eeb8b, org.springframework.security.web.authentication.AnonymousAuthenticationFilter@3890424f, org.springframework.security.web.session.SessionManagementFilter@5e1108cd, org.springframework.security.web.access.ExceptionTranslationFilter@690cf81e, org.springframework.security.web.access.intercept.FilterSecurityInterceptor@5ce6837e]
2020-09-06 09:29:56.247  INFO 11420 --- [    Test worker] o.s.b.t.m.w.SpringBootMockServletContext : Initializing Spring TestDispatcherServlet ''
2020-09-06 09:29:56.247  INFO 11420 --- [    Test worker] o.s.t.web.servlet.TestDispatcherServlet  : Initializing Servlet ''
2020-09-06 09:29:56.295  INFO 11420 --- [    Test worker] o.s.t.web.servlet.TestDispatcherServlet  : Completed initialization in 48 ms
2020-09-06 09:29:56.365  INFO 11420 --- [    Test worker] c.j.b.s.web.HelloControllerTest          : Started HelloControllerTest in 2.578 seconds (JVM running for 30.559)
]]></system-out>
  <system-err><![CDATA[]]></system-err>
</testsuite>
