<?xml version="1.0" encoding="UTF-8"?>
<testsuite name="com.jojoldu.book.springboot.web.PostApiControllerTests" tests="2" skipped="0" failures="0" errors="0" timestamp="2020-09-06T00:30:03" hostname="DESKTOP-ME8Q4V7" time="0.23">
  <properties/>
  <testcase name="posts_수정된다" classname="com.jojoldu.book.springboot.web.PostApiControllerTests" time="0.188"/>
  <testcase name="Posts_등록된다" classname="com.jojoldu.book.springboot.web.PostApiControllerTests" time="0.04"/>
  <system-out><![CDATA[2020-09-06 09:30:03.497  INFO 11420 --- [    Test worker] .b.t.c.SpringBootTestContextBootstrapper : Neither @ContextConfiguration nor @ContextHierarchy found for test class [com.jojoldu.book.springboot.web.PostApiControllerTests], using SpringBootContextLoader
2020-09-06 09:30:03.500  INFO 11420 --- [    Test worker] o.s.t.c.support.AbstractContextLoader    : Could not detect default resource locations for test class [com.jojoldu.book.springboot.web.PostApiControllerTests]: no resource found for suffixes {-context.xml, Context.groovy}.
2020-09-06 09:30:03.500  INFO 11420 --- [    Test worker] t.c.s.AnnotationConfigContextLoaderUtils : Could not detect default configuration classes for test class [com.jojoldu.book.springboot.web.PostApiControllerTests]: PostApiControllerTests does not declare any static, non-private, non-final, nested classes annotated with @Configuration.
2020-09-06 09:30:03.506  INFO 11420 --- [    Test worker] .b.t.c.SpringBootTestContextBootstrapper : Found @SpringBootConfiguration com.jojoldu.book.springboot.Application for test class com.jojoldu.book.springboot.web.PostApiControllerTests
2020-09-06 09:30:03.511  INFO 11420 --- [    Test worker] .b.t.c.SpringBootTestContextBootstrapper : Loaded default TestExecutionListener class names from location [META-INF/spring.factories]: [org.springframework.security.test.context.support.WithSecurityContextTestExecutionListener, org.springframework.security.test.context.support.ReactorContextTestExecutionListener, org.springframework.boot.test.autoconfigure.restdocs.RestDocsTestExecutionListener, org.springframework.boot.test.autoconfigure.web.client.MockRestServiceServerResetTestExecutionListener, org.springframework.boot.test.autoconfigure.web.servlet.MockMvcPrintOnlyOnFailureTestExecutionListener, org.springframework.boot.test.autoconfigure.web.servlet.WebDriverTestExecutionListener, org.springframework.boot.test.mock.mockito.MockitoTestExecutionListener, org.springframework.boot.test.mock.mockito.ResetMocksTestExecutionListener, org.springframework.test.context.web.ServletTestExecutionListener, org.springframework.test.context.support.DirtiesContextBeforeModesTestExecutionListener, org.springframework.test.context.support.DependencyInjectionTestExecutionListener, org.springframework.test.context.support.DirtiesContextTestExecutionListener, org.springframework.test.context.transaction.TransactionalTestExecutionListener, org.springframework.test.context.jdbc.SqlScriptsTestExecutionListener]
2020-09-06 09:30:03.516  INFO 11420 --- [    Test worker] .b.t.c.SpringBootTestContextBootstrapper : Using TestExecutionListeners: [org.springframework.test.context.web.ServletTestExecutionListener@51a7e3ef, org.springframework.test.context.support.DirtiesContextBeforeModesTestExecutionListener@b699d9b, org.springframework.boot.test.mock.mockito.MockitoTestExecutionListener@5a051ed5, org.springframework.boot.test.autoconfigure.SpringBootDependencyInjectionTestExecutionListener@a6f9f63, org.springframework.test.context.support.DirtiesContextTestExecutionListener@6439bd5a, org.springframework.test.context.transaction.TransactionalTestExecutionListener@237b6103, org.springframework.test.context.jdbc.SqlScriptsTestExecutionListener@51fa200f, org.springframework.security.test.context.support.WithSecurityContextTestExecutionListener@271839d4, org.springframework.security.test.context.support.ReactorContextTestExecutionListener@ee28300, org.springframework.boot.test.autoconfigure.restdocs.RestDocsTestExecutionListener@766988a6, org.springframework.boot.test.autoconfigure.web.client.MockRestServiceServerResetTestExecutionListener@7613343c, org.springframework.boot.test.autoconfigure.web.servlet.MockMvcPrintOnlyOnFailureTestExecutionListener@102375b3, org.springframework.boot.test.autoconfigure.web.servlet.WebDriverTestExecutionListener@ac31e34, org.springframework.boot.test.mock.mockito.ResetMocksTestExecutionListener@30559b72]
2020-09-06 09:30:03.538  INFO 11420 --- [    Test worker] o.a.c.c.C.[Tomcat].[localhost].[/]       : Initializing Spring TestDispatcherServlet ''
2020-09-06 09:30:03.538  INFO 11420 --- [    Test worker] o.s.t.web.servlet.TestDispatcherServlet  : Initializing Servlet ''
2020-09-06 09:30:03.542  INFO 11420 --- [    Test worker] o.s.t.web.servlet.TestDispatcherServlet  : Completed initialization in 4 ms
Hibernate: insert into posts (created_date, modified_date, author, content, title) values (?, ?, ?, ?, ?)
Hibernate: select posts0_.id as id1_0_0_, posts0_.created_date as created_2_0_0_, posts0_.modified_date as modified3_0_0_, posts0_.author as author4_0_0_, posts0_.content as content5_0_0_, posts0_.title as title6_0_0_ from posts posts0_ where posts0_.id=?
Hibernate: update posts set created_date=?, modified_date=?, author=?, content=?, title=? where id=?
Hibernate: select posts0_.id as id1_0_, posts0_.created_date as created_2_0_, posts0_.modified_date as modified3_0_, posts0_.author as author4_0_, posts0_.content as content5_0_, posts0_.title as title6_0_ from posts posts0_
Hibernate: select posts0_.id as id1_0_, posts0_.created_date as created_2_0_, posts0_.modified_date as modified3_0_, posts0_.author as author4_0_, posts0_.content as content5_0_, posts0_.title as title6_0_ from posts posts0_
Hibernate: delete from posts where id=?
2020-09-06 09:30:03.723  INFO 11420 --- [    Test worker] o.a.c.c.C.[Tomcat].[localhost].[/]       : Initializing Spring TestDispatcherServlet ''
2020-09-06 09:30:03.723  INFO 11420 --- [    Test worker] o.s.t.web.servlet.TestDispatcherServlet  : Initializing Servlet ''
2020-09-06 09:30:03.728  INFO 11420 --- [    Test worker] o.s.t.web.servlet.TestDispatcherServlet  : Completed initialization in 4 ms
Hibernate: insert into posts (created_date, modified_date, author, content, title) values (?, ?, ?, ?, ?)
Hibernate: select posts0_.id as id1_0_, posts0_.created_date as created_2_0_, posts0_.modified_date as modified3_0_, posts0_.author as author4_0_, posts0_.content as content5_0_, posts0_.title as title6_0_ from posts posts0_
Hibernate: select posts0_.id as id1_0_, posts0_.created_date as created_2_0_, posts0_.modified_date as modified3_0_, posts0_.author as author4_0_, posts0_.content as content5_0_, posts0_.title as title6_0_ from posts posts0_
Hibernate: delete from posts where id=?
]]></system-out>
  <system-err><![CDATA[]]></system-err>
</testsuite>
